2025-04-09 20:45:05,034-masks-INFO: Принят номер карты 1596837868705199 для маскирования
2025-04-09 20:45:05,034-masks-INFO: Маскирование номера карты выполнено успешно
2025-04-09 20:45:05,035-masks-INFO: Карта 1596837868705199 маскирована в виде 1596 83** **** 5199
2025-04-09 20:45:05,036-masks-INFO: Принят номер карты 7158300734726758 для маскирования
2025-04-09 20:45:05,036-masks-INFO: Маскирование номера карты выполнено успешно
2025-04-09 20:45:05,036-masks-INFO: Карта 7158300734726758 маскирована в виде 7158 30** **** 6758
2025-04-09 20:45:05,037-masks-INFO: Принят номер карты 6831982476737658 для маскирования
2025-04-09 20:45:05,037-masks-INFO: Маскирование номера карты выполнено успешно
2025-04-09 20:45:05,037-masks-INFO: Карта 6831982476737658 маскирована в виде 6831 98** **** 7658
2025-04-09 20:45:05,038-masks-INFO: Принят номер карты 8990922113665229 для маскирования
2025-04-09 20:45:05,038-masks-INFO: Маскирование номера карты выполнено успешно
2025-04-09 20:45:05,038-masks-INFO: Карта 8990922113665229 маскирована в виде 8990 92** **** 5229
2025-04-09 20:45:05,039-masks-INFO: Принят номер карты 5999414228426353 для маскирования
2025-04-09 20:45:05,039-masks-INFO: Маскирование номера карты выполнено успешно
2025-04-09 20:45:05,039-masks-INFO: Карта 5999414228426353 маскирована в виде 5999 41** **** 6353
2025-04-09 20:45:05,040-masks-INFO: Принят номер карты  для маскирования
2025-04-09 20:45:05,040-masks-ERROR: Нулевая длина номера карты. Вызвано исключение
2025-04-09 20:45:05,042-masks-INFO: Принят номер карты -1502398039483094853496868705199 для маскирования
2025-04-09 20:45:05,042-masks-ERROR: Нестандартный номер карты, должно быть 16-значное число
2025-04-09 20:45:05,043-masks-INFO: Принят номер карты -70734726758 для маскирования
2025-04-09 20:45:05,043-masks-ERROR: Нестандартный номер карты, должно быть 16-значное число
2025-04-09 20:45:05,044-masks-INFO: Принят номер карты 688 для маскирования
2025-04-09 20:45:05,044-masks-ERROR: Нестандартный номер карты, должно быть 16-значное число
2025-04-09 20:45:05,045-masks-INFO: Принят номер карты 89909 для маскирования
2025-04-09 20:45:05,045-masks-ERROR: Нестандартный номер карты, должно быть 16-значное число
2025-04-09 20:45:05,046-masks-INFO: Принят номер карты 599948426353 для маскирования
2025-04-09 20:45:05,046-masks-ERROR: Нестандартный номер карты, должно быть 16-значное число
2025-04-09 20:45:05,048-masks-INFO: Получен номер счета 64686473678894779589 для маскирования
2025-04-09 20:45:05,048-masks-INFO: Счет 64686473678894779589 маскирован в виде **9589
2025-04-09 20:45:05,049-masks-INFO: Получен номер счета 35383033474447895560 для маскирования
2025-04-09 20:45:05,049-masks-INFO: Счет 35383033474447895560 маскирован в виде **5560
2025-04-09 20:45:05,050-masks-INFO: Получен номер счета 73654108430135874305 для маскирования
2025-04-09 20:45:05,050-masks-INFO: Счет 73654108430135874305 маскирован в виде **4305
2025-04-09 20:45:05,051-masks-INFO: Получен номер счета  для маскирования
2025-04-09 20:45:05,051-masks-ERROR: Нулевая длина номера счета
2025-04-09 20:45:05,052-masks-INFO: Получен номер счета -1502398039483094853496868705199 для маскирования
2025-04-09 20:45:05,052-masks-ERROR: Нестандартный номер счета, вызвано исключение
2025-04-09 20:45:05,053-masks-INFO: Получен номер счета -70734726758 для маскирования
2025-04-09 20:45:05,053-masks-ERROR: Нестандартный номер счета, вызвано исключение
2025-04-09 20:45:05,055-masks-INFO: Получен номер счета 688 для маскирования
2025-04-09 20:45:05,055-masks-ERROR: Нестандартный номер счета, вызвано исключение
2025-04-09 20:45:05,056-masks-INFO: Получен номер счета 89909 для маскирования
2025-04-09 20:45:05,056-masks-ERROR: Нестандартный номер счета, вызвано исключение
2025-04-09 20:45:05,057-masks-INFO: Получен номер счета 599948426353 для маскирования
2025-04-09 20:45:05,057-masks-ERROR: Нестандартный номер счета, вызвано исключение
